[2021-02-25 15:25:23,561] multiqc                                            [DEBUG  ]  No MultiQC config found: /local/miniconda3/lib/python3.7/site-packages/multiqc_config.yaml
[2021-02-25 15:25:23,562] multiqc                                            [DEBUG  ]  No MultiQC config found: /home/ubuntu/.multiqc_config.yaml
[2021-02-25 15:25:23,562] multiqc                                            [DEBUG  ]  No MultiQC config found: multiqc_config.yaml
[2021-02-25 15:25:23,562] multiqc                                            [DEBUG  ]  Command used: /local/miniconda3/bin/multiqc -f .
[2021-02-25 15:25:23,676] multiqc                                            [DEBUG  ]  Latest MultiQC version is v1.9
[2021-02-25 15:25:23,676] multiqc                                            [INFO   ]  This is MultiQC v1.9
[2021-02-25 15:25:23,676] multiqc                                            [DEBUG  ]  Command     : /local/miniconda3/bin/multiqc -f .
[2021-02-25 15:25:23,676] multiqc                                            [DEBUG  ]  Working dir : /local/giovanni/seqfu2/multiqc
[2021-02-25 15:25:23,676] multiqc                                            [INFO   ]  Template    : default
[2021-02-25 15:25:23,677] multiqc                                            [DEBUG  ]  Running Python 3.7.5 (default, Oct 25 2019, 15:51:11)  [GCC 7.3.0]
[2021-02-25 15:25:23,677] multiqc                                            [INFO   ]  Searching   : /local/giovanni/seqfu2/multiqc
[2021-02-25 15:25:23,677] multiqc                                            [DEBUG  ]  Analysing modules: custom_content, conpair, peddy, somalier, methylQA, mosdepth, phantompeakqualtools, qualimap, preseq, quast, qorts, rna_seqc, rockhopper, rsem, rseqc, busco, goleft_indexcov, disambiguate, supernova, deeptools, sargasso, verifybamid, mirtrace, happy, mirtop, homer, macs2, theta2, snpeff, gatk, htseq, bcftools, featureCounts, fgbio, dragen, dedup, damageprofiler, biobambam2, mtnucratio, picard, prokka, samblaster, samtools, sexdeterrmine, bamtools, jellyfish, vcftools, longranger, stacks, varscan2, bbmap, bismark, biscuit, hicexplorer, hicup, hicpro, salmon, kallisto, slamdunk, star, hisat2, tophat, bowtie2, bowtie1, snpsplit, kat, leehom, adapterRemoval, clipandmerge, cutadapt, flexbar, kaiju, kraken, malt, trimmomatic, sickle, skewer, sortmerna, biobloomtools, fastq_screen, afterqc, fastp, fastqc, pycoqc, minionqc, multivcfanalyzer, clusterflow, bcl2fastq, interop, ivar, flash, seqyclean
[2021-02-25 15:25:23,678] multiqc                                            [DEBUG  ]  Using temporary directory for creating report: /tmp/tmpnxo7cl0l
[2021-02-25 15:25:24,269] multiqc.plots.bargraph                             [DEBUG  ]  Using matplotlib version 3.3.2
[2021-02-25 15:25:24,270] multiqc.plots.linegraph                            [DEBUG  ]  Using matplotlib version 3.3.2
[2021-02-25 15:25:24,324] multiqc.modules.custom_content.custom_content      [INFO   ]  table: Found 12 samples (table)
[2021-02-25 15:25:24,331] multiqc                                            [DEBUG  ]  No samples found: conpair
[2021-02-25 15:25:24,337] multiqc                                            [DEBUG  ]  No samples found: peddy
[2021-02-25 15:25:24,344] multiqc                                            [DEBUG  ]  No samples found: somalier
[2021-02-25 15:25:24,350] multiqc                                            [DEBUG  ]  No samples found: methylQA
[2021-02-25 15:25:24,358] multiqc                                            [DEBUG  ]  No samples found: mosdepth
[2021-02-25 15:25:24,365] multiqc                                            [DEBUG  ]  No samples found: phantompeakqualtools
[2021-02-25 15:25:24,371] multiqc                                            [DEBUG  ]  No samples found: qualimap
[2021-02-25 15:25:24,377] multiqc                                            [DEBUG  ]  No samples found: preseq
[2021-02-25 15:25:24,384] multiqc                                            [DEBUG  ]  No samples found: quast
[2021-02-25 15:25:24,391] multiqc                                            [DEBUG  ]  No samples found: qorts
[2021-02-25 15:25:24,397] multiqc                                            [DEBUG  ]  No samples found: rna_seqc
[2021-02-25 15:25:24,403] multiqc                                            [DEBUG  ]  No samples found: rockhopper
[2021-02-25 15:25:24,410] multiqc                                            [DEBUG  ]  No samples found: rsem
[2021-02-25 15:25:24,419] multiqc                                            [DEBUG  ]  No samples found: rseqc
[2021-02-25 15:25:24,425] multiqc                                            [DEBUG  ]  No samples found: busco
[2021-02-25 15:25:24,432] multiqc                                            [DEBUG  ]  No samples found: goleft_indexcov
[2021-02-25 15:25:24,438] multiqc                                            [DEBUG  ]  No samples found: disambiguate
[2021-02-25 15:25:24,445] multiqc                                            [DEBUG  ]  No samples found: supernova
[2021-02-25 15:25:24,455] multiqc                                            [DEBUG  ]  No samples found: deeptools
[2021-02-25 15:25:24,461] multiqc                                            [DEBUG  ]  No samples found: sargasso
[2021-02-25 15:25:24,467] multiqc                                            [DEBUG  ]  No samples found: verifybamid
[2021-02-25 15:25:24,474] multiqc                                            [DEBUG  ]  No samples found: mirtrace
[2021-02-25 15:25:24,480] multiqc                                            [DEBUG  ]  No samples found: happy
[2021-02-25 15:25:24,487] multiqc                                            [DEBUG  ]  No samples found: mirtop
[2021-02-25 15:25:24,494] multiqc                                            [DEBUG  ]  No samples found: homer
[2021-02-25 15:25:24,501] multiqc                                            [DEBUG  ]  No samples found: macs2
[2021-02-25 15:25:24,507] multiqc                                            [DEBUG  ]  No samples found: theta2
[2021-02-25 15:25:24,517] multiqc                                            [DEBUG  ]  No samples found: snpeff
[2021-02-25 15:25:24,527] multiqc                                            [DEBUG  ]  No samples found: gatk
[2021-02-25 15:25:24,534] multiqc                                            [DEBUG  ]  No samples found: htseq
[2021-02-25 15:25:24,541] multiqc                                            [DEBUG  ]  No samples found: bcftools
[2021-02-25 15:25:24,548] multiqc                                            [DEBUG  ]  No samples found: featureCounts
[2021-02-25 15:25:24,556] multiqc                                            [DEBUG  ]  No samples found: fgbio
[2021-02-25 15:25:24,567] multiqc                                            [DEBUG  ]  No samples found: dragen
[2021-02-25 15:25:24,574] multiqc                                            [DEBUG  ]  No samples found: dedup
[2021-02-25 15:25:24,584] multiqc                                            [DEBUG  ]  No samples found: damageprofiler
[2021-02-25 15:25:24,599] multiqc                                            [DEBUG  ]  No samples found: biobambam2
[2021-02-25 15:25:24,607] multiqc                                            [DEBUG  ]  No samples found: mtnucratio
[2021-02-25 15:25:24,614] multiqc                                            [DEBUG  ]  No samples found: picard
[2021-02-25 15:25:24,621] multiqc                                            [DEBUG  ]  No samples found: prokka
[2021-02-25 15:25:24,627] multiqc                                            [DEBUG  ]  No samples found: samblaster
[2021-02-25 15:25:24,636] multiqc                                            [DEBUG  ]  No samples found: samtools
[2021-02-25 15:25:24,644] multiqc                                            [DEBUG  ]  No samples found: sexdeterrmine
[2021-02-25 15:25:24,652] multiqc                                            [DEBUG  ]  No samples found: bamtools
[2021-02-25 15:25:24,658] multiqc                                            [DEBUG  ]  No samples found: jellyfish
[2021-02-25 15:25:24,668] multiqc                                            [DEBUG  ]  No samples found: vcftools
[2021-02-25 15:25:24,678] multiqc                                            [DEBUG  ]  No samples found: longranger
[2021-02-25 15:25:24,684] multiqc                                            [DEBUG  ]  No samples found: stacks
[2021-02-25 15:25:24,691] multiqc                                            [DEBUG  ]  No samples found: varscan2
[2021-02-25 15:25:24,701] multiqc                                            [DEBUG  ]  No samples found: bbmap
[2021-02-25 15:25:24,708] multiqc                                            [DEBUG  ]  No samples found: bismark
[2021-02-25 15:25:24,715] multiqc                                            [DEBUG  ]  No samples found: biscuit
[2021-02-25 15:25:24,722] multiqc                                            [DEBUG  ]  No samples found: hicexplorer
[2021-02-25 15:25:24,729] multiqc                                            [DEBUG  ]  No samples found: hicup
[2021-02-25 15:25:24,735] multiqc                                            [DEBUG  ]  No samples found: hicpro
[2021-02-25 15:25:24,745] multiqc                                            [DEBUG  ]  No samples found: salmon
[2021-02-25 15:25:24,751] multiqc                                            [DEBUG  ]  No samples found: kallisto
[2021-02-25 15:25:24,758] multiqc                                            [DEBUG  ]  No samples found: slamdunk
[2021-02-25 15:25:24,764] multiqc                                            [DEBUG  ]  No samples found: star
[2021-02-25 15:25:24,771] multiqc                                            [DEBUG  ]  No samples found: hisat2
[2021-02-25 15:25:24,777] multiqc                                            [DEBUG  ]  No samples found: tophat
[2021-02-25 15:25:24,783] multiqc                                            [DEBUG  ]  No samples found: bowtie2
[2021-02-25 15:25:24,790] multiqc                                            [DEBUG  ]  No samples found: bowtie1
[2021-02-25 15:25:24,796] multiqc                                            [DEBUG  ]  No samples found: snpsplit
[2021-02-25 15:25:24,803] multiqc                                            [DEBUG  ]  No samples found: kat
[2021-02-25 15:25:24,809] multiqc                                            [DEBUG  ]  No samples found: leehom
[2021-02-25 15:25:24,815] multiqc                                            [DEBUG  ]  No samples found: adapterRemoval
[2021-02-25 15:25:24,822] multiqc                                            [DEBUG  ]  No samples found: clipandmerge
[2021-02-25 15:25:24,828] multiqc                                            [DEBUG  ]  No samples found: cutadapt
[2021-02-25 15:25:24,834] multiqc                                            [DEBUG  ]  No samples found: flexbar
[2021-02-25 15:25:24,841] multiqc                                            [DEBUG  ]  No samples found: kaiju
[2021-02-25 15:25:24,847] multiqc                                            [DEBUG  ]  No samples found: kraken
[2021-02-25 15:25:24,853] multiqc                                            [DEBUG  ]  No samples found: malt
[2021-02-25 15:25:24,860] multiqc                                            [DEBUG  ]  No samples found: trimmomatic
[2021-02-25 15:25:24,866] multiqc                                            [DEBUG  ]  No samples found: sickle
[2021-02-25 15:25:24,872] multiqc                                            [DEBUG  ]  No samples found: skewer
[2021-02-25 15:25:24,879] multiqc                                            [DEBUG  ]  No samples found: sortmerna
[2021-02-25 15:25:24,885] multiqc                                            [DEBUG  ]  No samples found: biobloomtools
[2021-02-25 15:25:24,892] multiqc                                            [DEBUG  ]  No samples found: fastq_screen
[2021-02-25 15:25:24,898] multiqc                                            [DEBUG  ]  No samples found: afterqc
[2021-02-25 15:25:24,904] multiqc                                            [DEBUG  ]  No samples found: fastp
[2021-02-25 15:25:24,911] multiqc                                            [DEBUG  ]  No samples found: fastqc
[2021-02-25 15:25:24,918] multiqc                                            [DEBUG  ]  No samples found: pycoqc
[2021-02-25 15:25:24,924] multiqc                                            [DEBUG  ]  No samples found: minionqc
[2021-02-25 15:25:24,931] multiqc                                            [DEBUG  ]  No samples found: multivcfanalyzer
[2021-02-25 15:25:24,937] multiqc                                            [DEBUG  ]  No samples found: clusterflow
[2021-02-25 15:25:24,944] multiqc                                            [DEBUG  ]  No samples found: bcl2fastq
[2021-02-25 15:25:24,950] multiqc                                            [DEBUG  ]  No samples found: interop
[2021-02-25 15:25:24,965] multiqc                                            [DEBUG  ]  No samples found: ivar
[2021-02-25 15:25:24,972] multiqc                                            [DEBUG  ]  No samples found: flash
[2021-02-25 15:25:24,978] multiqc                                            [DEBUG  ]  No samples found: seqyclean
[2021-02-25 15:25:24,979] multiqc                                            [INFO   ]  Compressing plot data
[2021-02-25 15:25:24,980] multiqc                                            [INFO   ]  Report      : multiqc_report.html
[2021-02-25 15:25:24,981] multiqc                                            [INFO   ]  Data        : multiqc_data
[2021-02-25 15:25:24,981] multiqc                                            [DEBUG  ]  Moving data file from '/tmp/tmpnxo7cl0l/multiqc_data' to '/local/giovanni/seqfu2/multiqc/multiqc_data'
[2021-02-25 15:25:25,153] multiqc                                            [INFO   ]  MultiQC complete
